  arrays.c
C:\Program Files\PostgreSQL\14\include\server\nodes\pg_list.h(315,11): warning C4244: 'return': conversion from '__int64' to 'int', possible loss of data
D:\git\TimeCachePGExtensions\arrays.c(203,9): warning C4244: 'return': conversion from 'double' to 'int', possible loss of data
D:\git\TimeCachePGExtensions\arrays.c(367,19): warning C4244: '=': conversion from 'double' to 'int', possible loss of data
D:\git\TimeCachePGExtensions\arrays.c(372,17): warning C4244: '=': conversion from 'double' to 'int', possible loss of data
  fisher.c
  kplusplus.c
C:\Program Files\PostgreSQL\14\include\server\nodes\pg_list.h(315,11): warning C4244: 'return': conversion from '__int64' to 'int', possible loss of data
D:\git\TimeCachePGExtensions\kplusplus.c(61,9): warning C4244: 'return': conversion from 'double' to 'int', possible loss of data
D:\git\TimeCachePGExtensions\kplusplus.c(238,28): warning C4013: 'choose_random_index' undefined; assuming extern returning int
D:\git\TimeCachePGExtensions\kplusplus.c(629,12): warning C4013: 'time' undefined; assuming extern returning int
D:\git\TimeCachePGExtensions\kplusplus.c(1292,12): warning C4101: 'interval_zero': unreferenced local variable
  ktests.c
C:\Program Files\PostgreSQL\14\include\server\nodes\pg_list.h(315,11): warning C4244: 'return': conversion from '__int64' to 'int', possible loss of data
  series.c
C:\Program Files\PostgreSQL\14\include\server\nodes\pg_list.h(315,11): warning C4244: 'return': conversion from '__int64' to 'int', possible loss of data
     Creating library D:\git\TimeCachePGExtensions\x64\Release\TimeCachePGExtensions.lib and object D:\git\TimeCachePGExtensions\x64\Release\TimeCachePGExtensions.exp
  Generating code
  Previous IPDB not found, fall back to full compilation.
  All 65 functions were compiled because no usable IPDB/IOBJ from previous compilation was found.
  Finished generating code
  TimeCachePGExtensions.vcxproj -> D:\git\TimeCachePGExtensions\x64\Release\TimeCachePGExtensions.dll
